mode: set
github.com/ibrokethecloud/harvester-tink-operator/controllers/cluster_controller.go:58.99,63.16 3 0
github.com/ibrokethecloud/harvester-tink-operator/controllers/cluster_controller.go:68.2,68.8 1 0
github.com/ibrokethecloud/harvester-tink-operator/controllers/cluster_controller.go:74.2,76.67 2 0
github.com/ibrokethecloud/harvester-tink-operator/controllers/cluster_controller.go:83.2,84.54 2 0
github.com/ibrokethecloud/harvester-tink-operator/controllers/cluster_controller.go:113.2,113.27 1 0
github.com/ibrokethecloud/harvester-tink-operator/controllers/cluster_controller.go:63.16,66.3 1 0
github.com/ibrokethecloud/harvester-tink-operator/controllers/cluster_controller.go:68.8,72.3 1 0
github.com/ibrokethecloud/harvester-tink-operator/controllers/cluster_controller.go:76.67,77.31 1 0
github.com/ibrokethecloud/harvester-tink-operator/controllers/cluster_controller.go:80.3,81.51 2 0
github.com/ibrokethecloud/harvester-tink-operator/controllers/cluster_controller.go:77.31,79.4 1 0
github.com/ibrokethecloud/harvester-tink-operator/controllers/cluster_controller.go:84.54,88.27 3 0
github.com/ibrokethecloud/harvester-tink-operator/controllers/cluster_controller.go:106.3,106.17 1 0
github.com/ibrokethecloud/harvester-tink-operator/controllers/cluster_controller.go:109.3,111.63 2 0
github.com/ibrokethecloud/harvester-tink-operator/controllers/cluster_controller.go:89.11,91.53 1 0
github.com/ibrokethecloud/harvester-tink-operator/controllers/cluster_controller.go:92.20,94.51 1 0
github.com/ibrokethecloud/harvester-tink-operator/controllers/cluster_controller.go:95.19,97.50 1 0
github.com/ibrokethecloud/harvester-tink-operator/controllers/cluster_controller.go:98.22,103.22 2 0
github.com/ibrokethecloud/harvester-tink-operator/controllers/cluster_controller.go:106.17,108.4 1 0
github.com/ibrokethecloud/harvester-tink-operator/controllers/cluster_controller.go:116.70,124.2 1 0
github.com/ibrokethecloud/harvester-tink-operator/controllers/cluster_controller.go:127.139,133.16 4 0
github.com/ibrokethecloud/harvester-tink-operator/controllers/cluster_controller.go:137.2,139.16 2 0
github.com/ibrokethecloud/harvester-tink-operator/controllers/cluster_controller.go:147.2,148.38 2 0
github.com/ibrokethecloud/harvester-tink-operator/controllers/cluster_controller.go:153.2,156.26 3 0
github.com/ibrokethecloud/harvester-tink-operator/controllers/cluster_controller.go:160.2,160.20 1 0
github.com/ibrokethecloud/harvester-tink-operator/controllers/cluster_controller.go:133.16,135.3 1 0
github.com/ibrokethecloud/harvester-tink-operator/controllers/cluster_controller.go:139.16,140.31 1 0
github.com/ibrokethecloud/harvester-tink-operator/controllers/cluster_controller.go:140.31,143.4 1 0
github.com/ibrokethecloud/harvester-tink-operator/controllers/cluster_controller.go:143.9,145.4 1 0
github.com/ibrokethecloud/harvester-tink-operator/controllers/cluster_controller.go:148.38,149.49 1 0
github.com/ibrokethecloud/harvester-tink-operator/controllers/cluster_controller.go:149.49,151.4 1 0
github.com/ibrokethecloud/harvester-tink-operator/controllers/cluster_controller.go:156.26,158.3 1 0
github.com/ibrokethecloud/harvester-tink-operator/controllers/cluster_controller.go:163.137,171.42 5 0
github.com/ibrokethecloud/harvester-tink-operator/controllers/cluster_controller.go:200.2,200.52 1 0
github.com/ibrokethecloud/harvester-tink-operator/controllers/cluster_controller.go:210.2,210.23 1 0
github.com/ibrokethecloud/harvester-tink-operator/controllers/cluster_controller.go:218.2,218.19 1 0
github.com/ibrokethecloud/harvester-tink-operator/controllers/cluster_controller.go:221.2,222.20 2 0
github.com/ibrokethecloud/harvester-tink-operator/controllers/cluster_controller.go:171.42,172.20 1 0
github.com/ibrokethecloud/harvester-tink-operator/controllers/cluster_controller.go:172.20,174.18 2 0
github.com/ibrokethecloud/harvester-tink-operator/controllers/cluster_controller.go:178.4,180.57 2 0
github.com/ibrokethecloud/harvester-tink-operator/controllers/cluster_controller.go:186.4,186.57 1 0
github.com/ibrokethecloud/harvester-tink-operator/controllers/cluster_controller.go:193.4,193.48 1 0
github.com/ibrokethecloud/harvester-tink-operator/controllers/cluster_controller.go:174.18,176.5 1 0
github.com/ibrokethecloud/harvester-tink-operator/controllers/cluster_controller.go:180.57,183.5 2 0
github.com/ibrokethecloud/harvester-tink-operator/controllers/cluster_controller.go:186.57,188.47 2 0
github.com/ibrokethecloud/harvester-tink-operator/controllers/cluster_controller.go:188.47,190.6 1 0
github.com/ibrokethecloud/harvester-tink-operator/controllers/cluster_controller.go:193.48,195.5 1 0
github.com/ibrokethecloud/harvester-tink-operator/controllers/cluster_controller.go:200.52,201.44 1 0
github.com/ibrokethecloud/harvester-tink-operator/controllers/cluster_controller.go:204.3,207.37 4 0
github.com/ibrokethecloud/harvester-tink-operator/controllers/cluster_controller.go:201.44,203.4 1 0
github.com/ibrokethecloud/harvester-tink-operator/controllers/cluster_controller.go:210.23,212.17 2 0
github.com/ibrokethecloud/harvester-tink-operator/controllers/cluster_controller.go:212.17,214.4 1 0
github.com/ibrokethecloud/harvester-tink-operator/controllers/cluster_controller.go:218.19,220.3 1 0
github.com/ibrokethecloud/harvester-tink-operator/controllers/cluster_controller.go:225.136,227.38 2 0
github.com/ibrokethecloud/harvester-tink-operator/controllers/cluster_controller.go:263.2,265.20 2 0
github.com/ibrokethecloud/harvester-tink-operator/controllers/cluster_controller.go:227.38,229.17 2 0
github.com/ibrokethecloud/harvester-tink-operator/controllers/cluster_controller.go:233.3,250.90 16 0
github.com/ibrokethecloud/harvester-tink-operator/controllers/cluster_controller.go:254.3,254.85 1 0
github.com/ibrokethecloud/harvester-tink-operator/controllers/cluster_controller.go:258.3,258.51 1 0
github.com/ibrokethecloud/harvester-tink-operator/controllers/cluster_controller.go:229.17,231.4 1 0
github.com/ibrokethecloud/harvester-tink-operator/controllers/cluster_controller.go:250.90,252.4 1 0
github.com/ibrokethecloud/harvester-tink-operator/controllers/cluster_controller.go:254.85,256.4 1 0
github.com/ibrokethecloud/harvester-tink-operator/controllers/cluster_controller.go:258.51,260.4 1 0
github.com/ibrokethecloud/harvester-tink-operator/controllers/cluster_controller.go:268.125,272.2 3 0
github.com/ibrokethecloud/harvester-tink-operator/controllers/cluster_controller.go:274.124,278.16 4 0
github.com/ibrokethecloud/harvester-tink-operator/controllers/cluster_controller.go:282.2,284.16 2 0
github.com/ibrokethecloud/harvester-tink-operator/controllers/cluster_controller.go:292.2,294.38 3 0
github.com/ibrokethecloud/harvester-tink-operator/controllers/cluster_controller.go:298.2,298.39 1 0
github.com/ibrokethecloud/harvester-tink-operator/controllers/cluster_controller.go:304.2,304.47 1 0
github.com/ibrokethecloud/harvester-tink-operator/controllers/cluster_controller.go:310.2,310.34 1 0
github.com/ibrokethecloud/harvester-tink-operator/controllers/cluster_controller.go:317.2,317.20 1 0
github.com/ibrokethecloud/harvester-tink-operator/controllers/cluster_controller.go:278.16,280.3 1 0
github.com/ibrokethecloud/harvester-tink-operator/controllers/cluster_controller.go:284.16,285.31 1 0
github.com/ibrokethecloud/harvester-tink-operator/controllers/cluster_controller.go:285.31,287.4 1 0
github.com/ibrokethecloud/harvester-tink-operator/controllers/cluster_controller.go:287.9,289.4 1 0
github.com/ibrokethecloud/harvester-tink-operator/controllers/cluster_controller.go:294.38,296.3 1 0
github.com/ibrokethecloud/harvester-tink-operator/controllers/cluster_controller.go:298.39,299.53 1 0
github.com/ibrokethecloud/harvester-tink-operator/controllers/cluster_controller.go:299.53,301.4 1 0
github.com/ibrokethecloud/harvester-tink-operator/controllers/cluster_controller.go:304.47,305.45 1 0
github.com/ibrokethecloud/harvester-tink-operator/controllers/cluster_controller.go:305.45,307.4 1 0
github.com/ibrokethecloud/harvester-tink-operator/controllers/cluster_controller.go:310.34,315.3 4 0
github.com/ibrokethecloud/harvester-tink-operator/controllers/cluster_controller.go:320.62,321.29 1 0
github.com/ibrokethecloud/harvester-tink-operator/controllers/cluster_controller.go:327.2,327.12 1 0
github.com/ibrokethecloud/harvester-tink-operator/controllers/cluster_controller.go:321.29,322.23 1 0
github.com/ibrokethecloud/harvester-tink-operator/controllers/cluster_controller.go:322.23,324.4 1 0
github.com/ibrokethecloud/harvester-tink-operator/controllers/cluster_controller.go:330.97,333.15 3 0
github.com/ibrokethecloud/harvester-tink-operator/controllers/cluster_controller.go:343.2,343.18 1 0
github.com/ibrokethecloud/harvester-tink-operator/controllers/cluster_controller.go:333.15,341.3 1 0
github.com/ibrokethecloud/harvester-tink-operator/controllers/register_controller.go:67.100,72.64 3 0
github.com/ibrokethecloud/harvester-tink-operator/controllers/register_controller.go:80.2,81.22 2 0
github.com/ibrokethecloud/harvester-tink-operator/controllers/register_controller.go:87.2,87.51 1 0
github.com/ibrokethecloud/harvester-tink-operator/controllers/register_controller.go:151.2,151.27 1 0
github.com/ibrokethecloud/harvester-tink-operator/controllers/register_controller.go:72.64,73.31 1 0
github.com/ibrokethecloud/harvester-tink-operator/controllers/register_controller.go:76.3,77.51 2 0
github.com/ibrokethecloud/harvester-tink-operator/controllers/register_controller.go:73.31,75.4 1 0
github.com/ibrokethecloud/harvester-tink-operator/controllers/register_controller.go:81.22,83.3 1 0
github.com/ibrokethecloud/harvester-tink-operator/controllers/register_controller.go:83.8,85.3 1 0
github.com/ibrokethecloud/harvester-tink-operator/controllers/register_controller.go:87.51,88.22 1 0
github.com/ibrokethecloud/harvester-tink-operator/controllers/register_controller.go:88.22,93.44 3 0
github.com/ibrokethecloud/harvester-tink-operator/controllers/register_controller.go:124.4,126.18 3 0
github.com/ibrokethecloud/harvester-tink-operator/controllers/register_controller.go:130.4,130.61 1 0
github.com/ibrokethecloud/harvester-tink-operator/controllers/register_controller.go:94.12,96.44 1 0
github.com/ibrokethecloud/harvester-tink-operator/controllers/register_controller.go:97.22,99.54 1 0
github.com/ibrokethecloud/harvester-tink-operator/controllers/register_controller.go:100.18,102.11 2 0
github.com/ibrokethecloud/harvester-tink-operator/controllers/register_controller.go:120.23,121.30 1 0
github.com/ibrokethecloud/harvester-tink-operator/controllers/register_controller.go:102.11,104.6 1 0
github.com/ibrokethecloud/harvester-tink-operator/controllers/register_controller.go:104.11,107.20 2 0
github.com/ibrokethecloud/harvester-tink-operator/controllers/register_controller.go:111.6,111.13 1 0
github.com/ibrokethecloud/harvester-tink-operator/controllers/register_controller.go:107.20,109.7 1 0
github.com/ibrokethecloud/harvester-tink-operator/controllers/register_controller.go:111.13,114.7 1 0
github.com/ibrokethecloud/harvester-tink-operator/controllers/register_controller.go:114.12,118.7 3 0
github.com/ibrokethecloud/harvester-tink-operator/controllers/register_controller.go:126.18,128.5 1 0
github.com/ibrokethecloud/harvester-tink-operator/controllers/register_controller.go:131.9,134.4 2 0
github.com/ibrokethecloud/harvester-tink-operator/controllers/register_controller.go:136.8,137.67 1 0
github.com/ibrokethecloud/harvester-tink-operator/controllers/register_controller.go:145.3,146.48 2 0
github.com/ibrokethecloud/harvester-tink-operator/controllers/register_controller.go:137.67,138.37 1 0
github.com/ibrokethecloud/harvester-tink-operator/controllers/register_controller.go:138.37,139.70 1 0
github.com/ibrokethecloud/harvester-tink-operator/controllers/register_controller.go:139.70,141.6 1 0
github.com/ibrokethecloud/harvester-tink-operator/controllers/register_controller.go:146.48,148.4 1 0
github.com/ibrokethecloud/harvester-tink-operator/controllers/register_controller.go:154.71,159.81 1 0
github.com/ibrokethecloud/harvester-tink-operator/controllers/register_controller.go:159.81,168.5 1 0
github.com/ibrokethecloud/harvester-tink-operator/controllers/register_controller.go:173.52,174.29 1 0
github.com/ibrokethecloud/harvester-tink-operator/controllers/register_controller.go:179.2,179.14 1 0
github.com/ibrokethecloud/harvester-tink-operator/controllers/register_controller.go:174.29,175.16 1 0
github.com/ibrokethecloud/harvester-tink-operator/controllers/register_controller.go:175.16,177.4 1 0
github.com/ibrokethecloud/harvester-tink-operator/controllers/register_controller.go:183.127,186.19 3 0
github.com/ibrokethecloud/harvester-tink-operator/controllers/register_controller.go:196.2,201.24 6 0
github.com/ibrokethecloud/harvester-tink-operator/controllers/register_controller.go:186.19,188.9 2 0
github.com/ibrokethecloud/harvester-tink-operator/controllers/register_controller.go:188.9,191.4 2 0
github.com/ibrokethecloud/harvester-tink-operator/controllers/register_controller.go:192.8,194.3 1 0
github.com/ibrokethecloud/harvester-tink-operator/controllers/register_controller.go:205.153,210.16 3 0
github.com/ibrokethecloud/harvester-tink-operator/controllers/register_controller.go:214.2,215.16 2 0
github.com/ibrokethecloud/harvester-tink-operator/controllers/register_controller.go:218.2,222.16 5 0
github.com/ibrokethecloud/harvester-tink-operator/controllers/register_controller.go:226.2,228.16 3 0
github.com/ibrokethecloud/harvester-tink-operator/controllers/register_controller.go:232.2,233.24 2 0
github.com/ibrokethecloud/harvester-tink-operator/controllers/register_controller.go:210.16,212.3 1 0
github.com/ibrokethecloud/harvester-tink-operator/controllers/register_controller.go:215.16,217.3 1 0
github.com/ibrokethecloud/harvester-tink-operator/controllers/register_controller.go:222.16,224.3 1 0
github.com/ibrokethecloud/harvester-tink-operator/controllers/register_controller.go:228.16,230.3 1 0
github.com/ibrokethecloud/harvester-tink-operator/controllers/register_controller.go:236.91,238.16 2 0
github.com/ibrokethecloud/harvester-tink-operator/controllers/register_controller.go:246.2,247.12 2 0
github.com/ibrokethecloud/harvester-tink-operator/controllers/register_controller.go:238.16,239.66 1 0
github.com/ibrokethecloud/harvester-tink-operator/controllers/register_controller.go:239.66,241.4 1 0
github.com/ibrokethecloud/harvester-tink-operator/controllers/register_controller.go:241.9,243.4 1 0
github.com/ibrokethecloud/harvester-tink-operator/controllers/register_controller.go:250.111,253.2 2 0
github.com/ibrokethecloud/harvester-tink-operator/controllers/register_controller.go:255.118,258.16 3 0
github.com/ibrokethecloud/harvester-tink-operator/controllers/register_controller.go:267.2,268.16 2 0
github.com/ibrokethecloud/harvester-tink-operator/controllers/register_controller.go:258.16,259.31 1 0
github.com/ibrokethecloud/harvester-tink-operator/controllers/register_controller.go:259.31,261.4 1 0
github.com/ibrokethecloud/harvester-tink-operator/controllers/register_controller.go:261.9,263.4 1 0
github.com/ibrokethecloud/harvester-tink-operator/controllers/register_controller.go:271.117,273.9 2 0
github.com/ibrokethecloud/harvester-tink-operator/controllers/register_controller.go:277.2,279.31 3 0
github.com/ibrokethecloud/harvester-tink-operator/controllers/register_controller.go:283.2,283.31 1 0
github.com/ibrokethecloud/harvester-tink-operator/controllers/register_controller.go:273.9,276.3 1 0
github.com/ibrokethecloud/harvester-tink-operator/controllers/register_controller.go:279.31,281.3 1 0
