mode: set
github.com/ibrokethecloud/harvester-tink-operator/controllers/cluster_controller.go:51.78,57.16 4 0
github.com/ibrokethecloud/harvester-tink-operator/controllers/cluster_controller.go:62.2,62.9 1 0
github.com/ibrokethecloud/harvester-tink-operator/controllers/cluster_controller.go:68.2,70.67 2 0
github.com/ibrokethecloud/harvester-tink-operator/controllers/cluster_controller.go:78.2,78.54 1 0
github.com/ibrokethecloud/harvester-tink-operator/controllers/cluster_controller.go:111.2,111.27 1 0
github.com/ibrokethecloud/harvester-tink-operator/controllers/cluster_controller.go:57.16,60.3 1 0
github.com/ibrokethecloud/harvester-tink-operator/controllers/cluster_controller.go:62.9,66.3 1 0
github.com/ibrokethecloud/harvester-tink-operator/controllers/cluster_controller.go:70.67,71.31 1 0
github.com/ibrokethecloud/harvester-tink-operator/controllers/cluster_controller.go:74.3,75.51 2 0
github.com/ibrokethecloud/harvester-tink-operator/controllers/cluster_controller.go:71.31,73.4 1 0
github.com/ibrokethecloud/harvester-tink-operator/controllers/cluster_controller.go:78.54,83.46 3 0
github.com/ibrokethecloud/harvester-tink-operator/controllers/cluster_controller.go:100.3,101.17 2 0
github.com/ibrokethecloud/harvester-tink-operator/controllers/cluster_controller.go:104.3,106.63 2 0
github.com/ibrokethecloud/harvester-tink-operator/controllers/cluster_controller.go:84.11,86.53 1 0
github.com/ibrokethecloud/harvester-tink-operator/controllers/cluster_controller.go:87.22,89.51 1 0
github.com/ibrokethecloud/harvester-tink-operator/controllers/cluster_controller.go:90.21,92.50 1 0
github.com/ibrokethecloud/harvester-tink-operator/controllers/cluster_controller.go:93.24,97.44 1 0
github.com/ibrokethecloud/harvester-tink-operator/controllers/cluster_controller.go:101.17,103.4 1 0
github.com/ibrokethecloud/harvester-tink-operator/controllers/cluster_controller.go:107.9,109.3 0 0
github.com/ibrokethecloud/harvester-tink-operator/controllers/cluster_controller.go:114.70,121.86 1 0
github.com/ibrokethecloud/harvester-tink-operator/controllers/cluster_controller.go:121.86,125.12 4 0
github.com/ibrokethecloud/harvester-tink-operator/controllers/cluster_controller.go:134.6,134.26 1 0
github.com/ibrokethecloud/harvester-tink-operator/controllers/cluster_controller.go:125.12,133.7 2 0
github.com/ibrokethecloud/harvester-tink-operator/controllers/cluster_controller.go:141.139,147.16 4 0
github.com/ibrokethecloud/harvester-tink-operator/controllers/cluster_controller.go:151.2,153.16 2 0
github.com/ibrokethecloud/harvester-tink-operator/controllers/cluster_controller.go:157.2,159.33 2 0
github.com/ibrokethecloud/harvester-tink-operator/controllers/cluster_controller.go:163.2,163.38 1 0
github.com/ibrokethecloud/harvester-tink-operator/controllers/cluster_controller.go:169.2,170.20 2 0
github.com/ibrokethecloud/harvester-tink-operator/controllers/cluster_controller.go:147.16,149.3 1 0
github.com/ibrokethecloud/harvester-tink-operator/controllers/cluster_controller.go:153.16,155.3 1 0
github.com/ibrokethecloud/harvester-tink-operator/controllers/cluster_controller.go:159.33,161.3 1 0
github.com/ibrokethecloud/harvester-tink-operator/controllers/cluster_controller.go:163.38,164.45 1 0
github.com/ibrokethecloud/harvester-tink-operator/controllers/cluster_controller.go:164.45,166.4 1 0
github.com/ibrokethecloud/harvester-tink-operator/controllers/cluster_controller.go:173.137,181.45 5 0
github.com/ibrokethecloud/harvester-tink-operator/controllers/cluster_controller.go:210.2,210.19 1 0
github.com/ibrokethecloud/harvester-tink-operator/controllers/cluster_controller.go:220.2,221.16 2 0
github.com/ibrokethecloud/harvester-tink-operator/controllers/cluster_controller.go:226.2,226.19 1 0
github.com/ibrokethecloud/harvester-tink-operator/controllers/cluster_controller.go:229.2,230.20 2 0
github.com/ibrokethecloud/harvester-tink-operator/controllers/cluster_controller.go:181.45,182.20 1 0
github.com/ibrokethecloud/harvester-tink-operator/controllers/cluster_controller.go:182.20,184.18 2 0
github.com/ibrokethecloud/harvester-tink-operator/controllers/cluster_controller.go:188.4,190.57 2 0
github.com/ibrokethecloud/harvester-tink-operator/controllers/cluster_controller.go:196.4,196.57 1 0
github.com/ibrokethecloud/harvester-tink-operator/controllers/cluster_controller.go:203.4,203.48 1 0
github.com/ibrokethecloud/harvester-tink-operator/controllers/cluster_controller.go:184.18,186.5 1 0
github.com/ibrokethecloud/harvester-tink-operator/controllers/cluster_controller.go:190.57,193.5 2 0
github.com/ibrokethecloud/harvester-tink-operator/controllers/cluster_controller.go:196.57,198.47 2 0
github.com/ibrokethecloud/harvester-tink-operator/controllers/cluster_controller.go:198.47,200.6 1 0
github.com/ibrokethecloud/harvester-tink-operator/controllers/cluster_controller.go:203.48,205.5 1 0
github.com/ibrokethecloud/harvester-tink-operator/controllers/cluster_controller.go:210.19,211.44 1 0
github.com/ibrokethecloud/harvester-tink-operator/controllers/cluster_controller.go:214.3,217.37 4 0
github.com/ibrokethecloud/harvester-tink-operator/controllers/cluster_controller.go:211.44,213.4 1 0
github.com/ibrokethecloud/harvester-tink-operator/controllers/cluster_controller.go:221.16,223.3 1 0
github.com/ibrokethecloud/harvester-tink-operator/controllers/cluster_controller.go:226.19,228.3 1 0
github.com/ibrokethecloud/harvester-tink-operator/controllers/cluster_controller.go:233.136,235.41 2 0
github.com/ibrokethecloud/harvester-tink-operator/controllers/cluster_controller.go:266.2,268.20 2 0
github.com/ibrokethecloud/harvester-tink-operator/controllers/cluster_controller.go:235.41,237.17 2 0
github.com/ibrokethecloud/harvester-tink-operator/controllers/cluster_controller.go:241.3,259.17 17 0
github.com/ibrokethecloud/harvester-tink-operator/controllers/cluster_controller.go:263.3,263.36 1 0
github.com/ibrokethecloud/harvester-tink-operator/controllers/cluster_controller.go:237.17,239.4 1 0
github.com/ibrokethecloud/harvester-tink-operator/controllers/cluster_controller.go:259.17,261.4 1 0
github.com/ibrokethecloud/harvester-tink-operator/controllers/cluster_controller.go:271.125,275.2 3 0
github.com/ibrokethecloud/harvester-tink-operator/controllers/cluster_controller.go:277.124,280.16 3 0
github.com/ibrokethecloud/harvester-tink-operator/controllers/cluster_controller.go:284.2,286.44 3 0
github.com/ibrokethecloud/harvester-tink-operator/controllers/cluster_controller.go:294.2,294.48 1 0
github.com/ibrokethecloud/harvester-tink-operator/controllers/cluster_controller.go:302.2,302.21 1 0
github.com/ibrokethecloud/harvester-tink-operator/controllers/cluster_controller.go:306.2,306.37 1 0
github.com/ibrokethecloud/harvester-tink-operator/controllers/cluster_controller.go:311.2,311.20 1 0
github.com/ibrokethecloud/harvester-tink-operator/controllers/cluster_controller.go:280.16,282.3 1 0
github.com/ibrokethecloud/harvester-tink-operator/controllers/cluster_controller.go:286.44,288.10 2 0
github.com/ibrokethecloud/harvester-tink-operator/controllers/cluster_controller.go:288.10,291.4 2 0
github.com/ibrokethecloud/harvester-tink-operator/controllers/cluster_controller.go:294.48,296.10 2 0
github.com/ibrokethecloud/harvester-tink-operator/controllers/cluster_controller.go:296.10,299.4 2 0
github.com/ibrokethecloud/harvester-tink-operator/controllers/cluster_controller.go:302.21,304.3 1 0
github.com/ibrokethecloud/harvester-tink-operator/controllers/cluster_controller.go:306.37,309.3 2 0
github.com/ibrokethecloud/harvester-tink-operator/controllers/register_controller.go:67.79,73.64 4 0
github.com/ibrokethecloud/harvester-tink-operator/controllers/register_controller.go:81.2,82.16 2 0
github.com/ibrokethecloud/harvester-tink-operator/controllers/register_controller.go:86.2,87.39 2 0
github.com/ibrokethecloud/harvester-tink-operator/controllers/register_controller.go:91.2,91.51 1 0
github.com/ibrokethecloud/harvester-tink-operator/controllers/register_controller.go:149.2,149.27 1 0
github.com/ibrokethecloud/harvester-tink-operator/controllers/register_controller.go:73.64,74.31 1 0
github.com/ibrokethecloud/harvester-tink-operator/controllers/register_controller.go:77.3,78.51 2 0
github.com/ibrokethecloud/harvester-tink-operator/controllers/register_controller.go:74.31,76.4 1 0
github.com/ibrokethecloud/harvester-tink-operator/controllers/register_controller.go:82.16,84.3 1 0
github.com/ibrokethecloud/harvester-tink-operator/controllers/register_controller.go:87.39,89.3 1 0
github.com/ibrokethecloud/harvester-tink-operator/controllers/register_controller.go:91.51,96.43 3 0
github.com/ibrokethecloud/harvester-tink-operator/controllers/register_controller.go:127.3,129.17 3 0
github.com/ibrokethecloud/harvester-tink-operator/controllers/register_controller.go:133.3,133.60 1 0
github.com/ibrokethecloud/harvester-tink-operator/controllers/register_controller.go:97.11,99.43 1 0
github.com/ibrokethecloud/harvester-tink-operator/controllers/register_controller.go:100.21,102.53 1 0
github.com/ibrokethecloud/harvester-tink-operator/controllers/register_controller.go:103.17,105.10 2 0
github.com/ibrokethecloud/harvester-tink-operator/controllers/register_controller.go:123.22,124.29 1 0
github.com/ibrokethecloud/harvester-tink-operator/controllers/register_controller.go:105.10,107.5 1 0
github.com/ibrokethecloud/harvester-tink-operator/controllers/register_controller.go:107.10,110.19 2 0
github.com/ibrokethecloud/harvester-tink-operator/controllers/register_controller.go:114.5,114.12 1 0
github.com/ibrokethecloud/harvester-tink-operator/controllers/register_controller.go:110.19,112.6 1 0
github.com/ibrokethecloud/harvester-tink-operator/controllers/register_controller.go:114.12,117.6 1 0
github.com/ibrokethecloud/harvester-tink-operator/controllers/register_controller.go:117.11,121.6 3 0
github.com/ibrokethecloud/harvester-tink-operator/controllers/register_controller.go:129.17,131.4 1 0
github.com/ibrokethecloud/harvester-tink-operator/controllers/register_controller.go:134.8,135.67 1 0
github.com/ibrokethecloud/harvester-tink-operator/controllers/register_controller.go:143.3,144.48 2 0
github.com/ibrokethecloud/harvester-tink-operator/controllers/register_controller.go:135.67,136.37 1 0
github.com/ibrokethecloud/harvester-tink-operator/controllers/register_controller.go:136.37,137.70 1 0
github.com/ibrokethecloud/harvester-tink-operator/controllers/register_controller.go:137.70,139.6 1 0
github.com/ibrokethecloud/harvester-tink-operator/controllers/register_controller.go:144.48,146.4 1 0
github.com/ibrokethecloud/harvester-tink-operator/controllers/register_controller.go:152.71,158.86 1 0
github.com/ibrokethecloud/harvester-tink-operator/controllers/register_controller.go:158.86,167.6 1 0
github.com/ibrokethecloud/harvester-tink-operator/controllers/register_controller.go:173.52,174.29 1 0
github.com/ibrokethecloud/harvester-tink-operator/controllers/register_controller.go:179.2,179.14 1 0
github.com/ibrokethecloud/harvester-tink-operator/controllers/register_controller.go:174.29,175.16 1 0
github.com/ibrokethecloud/harvester-tink-operator/controllers/register_controller.go:175.16,177.4 1 0
github.com/ibrokethecloud/harvester-tink-operator/controllers/register_controller.go:183.127,186.19 3 0
github.com/ibrokethecloud/harvester-tink-operator/controllers/register_controller.go:196.2,201.24 6 0
github.com/ibrokethecloud/harvester-tink-operator/controllers/register_controller.go:186.19,188.9 2 0
github.com/ibrokethecloud/harvester-tink-operator/controllers/register_controller.go:188.9,191.4 2 0
github.com/ibrokethecloud/harvester-tink-operator/controllers/register_controller.go:192.8,194.3 1 0
github.com/ibrokethecloud/harvester-tink-operator/controllers/register_controller.go:205.153,210.16 3 0
github.com/ibrokethecloud/harvester-tink-operator/controllers/register_controller.go:214.2,215.16 2 0
github.com/ibrokethecloud/harvester-tink-operator/controllers/register_controller.go:218.2,222.16 5 0
github.com/ibrokethecloud/harvester-tink-operator/controllers/register_controller.go:226.2,228.16 3 0
github.com/ibrokethecloud/harvester-tink-operator/controllers/register_controller.go:232.2,233.24 2 0
github.com/ibrokethecloud/harvester-tink-operator/controllers/register_controller.go:210.16,212.3 1 0
github.com/ibrokethecloud/harvester-tink-operator/controllers/register_controller.go:215.16,217.3 1 0
github.com/ibrokethecloud/harvester-tink-operator/controllers/register_controller.go:222.16,224.3 1 0
github.com/ibrokethecloud/harvester-tink-operator/controllers/register_controller.go:228.16,230.3 1 0
github.com/ibrokethecloud/harvester-tink-operator/controllers/register_controller.go:236.91,238.16 2 0
github.com/ibrokethecloud/harvester-tink-operator/controllers/register_controller.go:246.2,247.12 2 0
github.com/ibrokethecloud/harvester-tink-operator/controllers/register_controller.go:238.16,239.66 1 0
github.com/ibrokethecloud/harvester-tink-operator/controllers/register_controller.go:239.66,241.4 1 0
github.com/ibrokethecloud/harvester-tink-operator/controllers/register_controller.go:241.9,243.4 1 0
github.com/ibrokethecloud/harvester-tink-operator/controllers/register_controller.go:250.111,253.2 2 0
github.com/ibrokethecloud/harvester-tink-operator/controllers/register_controller.go:255.118,258.16 3 0
github.com/ibrokethecloud/harvester-tink-operator/controllers/register_controller.go:267.2,268.16 2 0
github.com/ibrokethecloud/harvester-tink-operator/controllers/register_controller.go:258.16,259.31 1 0
github.com/ibrokethecloud/harvester-tink-operator/controllers/register_controller.go:259.31,261.4 1 0
github.com/ibrokethecloud/harvester-tink-operator/controllers/register_controller.go:261.9,263.4 1 0
